2021-02-18 13:49:20,574 INFO o.a.j.u.JMeterUtils: Setting Locale to en_ID
2021-02-18 13:49:20,589 INFO o.a.j.JMeter: Loading user properties from: user.properties
2021-02-18 13:49:20,590 INFO o.a.j.JMeter: Loading system properties from: system.properties
2021-02-18 13:49:20,595 INFO o.a.j.JMeter: Copyright (c) 1998-2017 The Apache Software Foundation
2021-02-18 13:49:20,595 INFO o.a.j.JMeter: Version 3.3 r1808647
2021-02-18 13:49:20,595 INFO o.a.j.JMeter: java.version=15.0.1
2021-02-18 13:49:20,595 INFO o.a.j.JMeter: java.vm.name=Java HotSpot(TM) 64-Bit Server VM
2021-02-18 13:49:20,595 INFO o.a.j.JMeter: os.name=Windows 10
2021-02-18 13:49:20,595 INFO o.a.j.JMeter: os.arch=amd64
2021-02-18 13:49:20,595 INFO o.a.j.JMeter: os.version=10.0
2021-02-18 13:49:20,595 INFO o.a.j.JMeter: file.encoding=Cp1252
2021-02-18 13:49:20,595 INFO o.a.j.JMeter: Max memory     =2116026368
2021-02-18 13:49:20,595 INFO o.a.j.JMeter: Available Processors =8
2021-02-18 13:49:20,600 INFO o.a.j.JMeter: Default Locale=English (Indonesia)
2021-02-18 13:49:20,600 INFO o.a.j.JMeter: JMeter  Locale=English (Indonesia)
2021-02-18 13:49:20,600 INFO o.a.j.JMeter: JMeterHome=C:\Users\nonimarine\Downloads\apache-jmeter-3.3\apache-jmeter-3.3
2021-02-18 13:49:20,600 INFO o.a.j.JMeter: user.dir  =C:\Users\nonimarine\Downloads\apache-jmeter-3.3\apache-jmeter-3.3\bin
2021-02-18 13:49:20,601 INFO o.a.j.JMeter: PWD       =C:\Users\nonimarine\Downloads\apache-jmeter-3.3\apache-jmeter-3.3\bin
2021-02-18 13:49:20,602 INFO o.a.j.JMeter: IP: 192.168.1.17 Name: DESKTOP-LI8OGOF FullName: DESKTOP-LI8OGOF
2021-02-18 13:49:20,778 INFO o.a.j.g.a.LookAndFeelCommand: Using look and feel: javax.swing.plaf.metal.MetalLookAndFeel [Metal, CrossPlatform]
2021-02-18 13:49:20,781 INFO o.a.j.JMeter: Loaded icon properties from org/apache/jmeter/images/icon.properties
2021-02-18 13:49:21,219 INFO o.a.j.e.u.CompoundVariable: Note: Function class names must contain the string: '.functions.'
2021-02-18 13:49:21,219 INFO o.a.j.e.u.CompoundVariable: Note: Function class names must not contain the string: '.gui.'
2021-02-18 13:49:21,589 WARN o.j.r.PluginManager: Found JAR conflict: C:\Users\nonimarine\Downloads\apache-jmeter-3.3\apache-jmeter-3.3\lib\selenium-remote-driver-3.14.0.jar and C:\Users\nonimarine\Downloads\apache-jmeter-3.3\apache-jmeter-3.3\lib\selenium-remote-driver-2.52.0.jar
2021-02-18 13:49:21,589 WARN o.j.r.PluginManager: Found JAR conflict: C:\Users\nonimarine\Downloads\apache-jmeter-3.3\apache-jmeter-3.3\lib\selenium-support-3.14.0.jar and C:\Users\nonimarine\Downloads\apache-jmeter-3.3\apache-jmeter-3.3\lib\selenium-support-2.52.0.jar
2021-02-18 13:49:21,589 WARN o.j.r.PluginManager: Found JAR conflict: C:\Users\nonimarine\Downloads\apache-jmeter-3.3\apache-jmeter-3.3\lib\ext\jmeter-plugins-webdriver-3.1.jar and C:\Users\nonimarine\Downloads\apache-jmeter-3.3\apache-jmeter-3.3\lib\jmeter-plugins-webdriver-3.1.jar
2021-02-18 13:49:21,785 INFO o.j.r.JARSourceHTTP: Requesting https://jmeter-plugins.org/repo/?installID=windows_10-e2033ebe42156e45214037cbce04b2c5-gui
2021-02-18 13:49:22,639 INFO k.a.j.JMeterPluginsUtils: JMeter-Plugins.org v.1.4.0
2021-02-18 13:49:22,916 WARN o.a.j.g.u.MenuFactory: Configuration error, probably corrupt or missing third party library(jar) ? Could not create class: kg.apc.jmeter.reporters.LoadosophiaUploaderGui. java.lang.NoClassDefFoundError: org/apache/commons/httpclient/methods/multipart/PartSource
java.lang.NoClassDefFoundError: org/apache/commons/httpclient/methods/multipart/PartSource
	at kg.apc.jmeter.reporters.LoadosophiaUploaderGui.init(LoadosophiaUploaderGui.java:114) ~[jmeter-plugins-standard-1.4.0.jar:?]
	at kg.apc.jmeter.reporters.LoadosophiaUploaderGui.<init>(LoadosophiaUploaderGui.java:28) ~[jmeter-plugins-standard-1.4.0.jar:?]
	at jdk.internal.reflect.NativeConstructorAccessorImpl.newInstance0(Native Method) ~[?:?]
	at jdk.internal.reflect.NativeConstructorAccessorImpl.newInstance(NativeConstructorAccessorImpl.java:64) ~[?:?]
	at jdk.internal.reflect.DelegatingConstructorAccessorImpl.newInstance(DelegatingConstructorAccessorImpl.java:45) ~[?:?]
	at java.lang.reflect.Constructor.newInstanceWithCaller(Constructor.java:500) ~[?:?]
	at java.lang.reflect.ReflectAccess.newInstance(ReflectAccess.java:128) ~[?:?]
	at jdk.internal.reflect.ReflectionFactory.newInstance(ReflectionFactory.java:350) ~[?:?]
	at java.lang.Class.newInstance(Class.java:645) ~[?:?]
	at org.apache.jmeter.gui.util.MenuFactory.initializeMenus(MenuFactory.java:505) ~[ApacheJMeter_core.jar:3.3 r1808647]
	at org.apache.jmeter.gui.util.MenuFactory.<clinit>(MenuFactory.java:169) ~[ApacheJMeter_core.jar:3.3 r1808647]
	at org.apache.jmeter.control.gui.TestPlanGui.createPopupMenu(TestPlanGui.java:93) ~[ApacheJMeter_core.jar:3.3 r1808647]
	at org.apache.jmeter.gui.tree.JMeterTreeNode.createPopupMenu(JMeterTreeNode.java:156) ~[ApacheJMeter_core.jar:3.3 r1808647]
	at org.apache.jmeter.gui.action.EditCommand.doAction(EditCommand.java:46) ~[ApacheJMeter_core.jar:3.3 r1808647]
	at org.apache.jmeter.gui.action.ActionRouter.performAction(ActionRouter.java:80) ~[ApacheJMeter_core.jar:3.3 r1808647]
	at org.apache.jmeter.gui.action.ActionRouter.lambda$actionPerformed$0(ActionRouter.java:65) ~[ApacheJMeter_core.jar:3.3 r1808647]
	at java.awt.event.InvocationEvent.dispatch(InvocationEvent.java:316) ~[?:?]
	at java.awt.EventQueue.dispatchEventImpl(EventQueue.java:770) ~[?:?]
	at java.awt.EventQueue$4.run(EventQueue.java:721) ~[?:?]
	at java.awt.EventQueue$4.run(EventQueue.java:715) ~[?:?]
	at java.security.AccessController.doPrivileged(AccessController.java:391) [?:?]
	at java.security.ProtectionDomain$JavaSecurityAccessImpl.doIntersectionPrivilege(ProtectionDomain.java:85) [?:?]
	at java.awt.EventQueue.dispatchEvent(EventQueue.java:740) [?:?]
	at java.awt.EventDispatchThread.pumpOneEventForFilters(EventDispatchThread.java:203) [?:?]
	at java.awt.EventDispatchThread.pumpEventsForFilter(EventDispatchThread.java:124) [?:?]
	at java.awt.EventDispatchThread.pumpEventsForHierarchy(EventDispatchThread.java:113) [?:?]
	at java.awt.EventDispatchThread.pumpEvents(EventDispatchThread.java:109) [?:?]
	at java.awt.EventDispatchThread.pumpEvents(EventDispatchThread.java:101) [?:?]
	at java.awt.EventDispatchThread.run(EventDispatchThread.java:90) [?:?]
Caused by: java.lang.ClassNotFoundException: org.apache.commons.httpclient.methods.multipart.PartSource
	at java.net.URLClassLoader.findClass(URLClassLoader.java:435) ~[?:?]
	at java.lang.ClassLoader.loadClass(ClassLoader.java:589) ~[?:?]
	at java.lang.ClassLoader.loadClass(ClassLoader.java:522) ~[?:?]
	... 29 more
2021-02-18 13:49:23,091 INFO o.a.j.g.u.MenuFactory: Skipping org.apache.jmeter.assertions.BSFAssertion
2021-02-18 13:49:23,184 INFO o.a.j.g.u.MenuFactory: Skipping org.apache.jmeter.extractor.BSFPostProcessor
2021-02-18 13:49:23,217 INFO o.a.j.g.u.MenuFactory: Skipping org.apache.jmeter.modifiers.BSFPreProcessor
2021-02-18 13:49:23,243 INFO o.a.j.p.h.s.HTTPSamplerBase: Parser for text/html is org.apache.jmeter.protocol.http.parser.LagartoBasedHtmlParser
2021-02-18 13:49:23,243 INFO o.a.j.p.h.s.HTTPSamplerBase: Parser for application/xhtml+xml is org.apache.jmeter.protocol.http.parser.LagartoBasedHtmlParser
2021-02-18 13:49:23,243 INFO o.a.j.p.h.s.HTTPSamplerBase: Parser for application/xml is org.apache.jmeter.protocol.http.parser.LagartoBasedHtmlParser
2021-02-18 13:49:23,243 INFO o.a.j.p.h.s.HTTPSamplerBase: Parser for text/xml is org.apache.jmeter.protocol.http.parser.LagartoBasedHtmlParser
2021-02-18 13:49:23,243 INFO o.a.j.p.h.s.HTTPSamplerBase: Parser for text/vnd.wap.wml is org.apache.jmeter.protocol.http.parser.RegexpHTMLParser
2021-02-18 13:49:23,244 INFO o.a.j.p.h.s.HTTPSamplerBase: Parser for text/css is org.apache.jmeter.protocol.http.parser.CssParser
2021-02-18 13:49:23,586 INFO o.a.j.e.KeyToolUtils: keytool found at 'keytool'
2021-02-18 13:49:23,587 INFO o.a.j.p.h.p.ProxyControl: HTTP(S) Test Script Recorder SSL Proxy will use keys that support embedded 3rd party resources in file C:\Users\nonimarine\Downloads\apache-jmeter-3.3\apache-jmeter-3.3\bin\proxyserver.jks
2021-02-18 13:49:23,725 INFO o.a.j.g.u.MenuFactory: Skipping org.apache.jmeter.protocol.java.sampler.BSFSampler
2021-02-18 13:49:23,762 INFO o.a.j.s.FileServer: Default base='C:\Users\nonimarine\Downloads\apache-jmeter-3.3\apache-jmeter-3.3\bin'
2021-02-18 13:49:23,827 INFO o.a.j.g.u.MenuFactory: Skipping org.apache.jmeter.protocol.mongodb.config.MongoSourceElement
2021-02-18 13:49:23,827 INFO o.a.j.g.u.MenuFactory: Skipping org.apache.jmeter.protocol.mongodb.sampler.MongoScriptSampler
2021-02-18 13:49:24,324 INFO o.a.j.g.u.MenuFactory: Skipping org.apache.jmeter.timers.BSFTimer
2021-02-18 13:49:24,336 INFO o.a.j.g.u.MenuFactory: Skipping org.apache.jmeter.visualizers.BSFListener
2021-02-18 13:49:24,415 INFO o.a.j.s.SampleResult: Note: Sample TimeStamps are START times
2021-02-18 13:49:24,415 INFO o.a.j.s.SampleResult: sampleresult.default.encoding is set to ISO-8859-1
2021-02-18 13:49:24,415 INFO o.a.j.s.SampleResult: sampleresult.useNanoTime=true
2021-02-18 13:49:24,415 INFO o.a.j.s.SampleResult: sampleresult.nanoThreadSleep=5000
2021-02-18 13:49:24,436 WARN o.a.j.v.ViewResultsFullVisualizer: Error loading result renderer: org.apache.jmeter.visualizers.RenderInBrowser
java.lang.NoClassDefFoundError: javafx/scene/Parent
	at java.lang.Class.forName0(Native Method) ~[?:?]
	at java.lang.Class.forName(Class.java:377) ~[?:?]
	at org.apache.jmeter.visualizers.ViewResultsFullVisualizer.createComboRender(ViewResultsFullVisualizer.java:478) ~[ApacheJMeter_components.jar:3.3 r1808647]
	at org.apache.jmeter.visualizers.ViewResultsFullVisualizer.createLeftPanel(ViewResultsFullVisualizer.java:446) ~[ApacheJMeter_components.jar:3.3 r1808647]
	at org.apache.jmeter.visualizers.ViewResultsFullVisualizer.init(ViewResultsFullVisualizer.java:358) ~[ApacheJMeter_components.jar:3.3 r1808647]
	at org.apache.jmeter.visualizers.ViewResultsFullVisualizer.<init>(ViewResultsFullVisualizer.java:163) ~[ApacheJMeter_components.jar:3.3 r1808647]
	at jdk.internal.reflect.NativeConstructorAccessorImpl.newInstance0(Native Method) ~[?:?]
	at jdk.internal.reflect.NativeConstructorAccessorImpl.newInstance(NativeConstructorAccessorImpl.java:64) ~[?:?]
	at jdk.internal.reflect.DelegatingConstructorAccessorImpl.newInstance(DelegatingConstructorAccessorImpl.java:45) ~[?:?]
	at java.lang.reflect.Constructor.newInstanceWithCaller(Constructor.java:500) ~[?:?]
	at java.lang.reflect.ReflectAccess.newInstance(ReflectAccess.java:128) ~[?:?]
	at jdk.internal.reflect.ReflectionFactory.newInstance(ReflectionFactory.java:350) ~[?:?]
	at java.lang.Class.newInstance(Class.java:645) ~[?:?]
	at org.apache.jmeter.gui.util.MenuFactory.initializeMenus(MenuFactory.java:505) ~[ApacheJMeter_core.jar:3.3 r1808647]
	at org.apache.jmeter.gui.util.MenuFactory.<clinit>(MenuFactory.java:169) ~[ApacheJMeter_core.jar:3.3 r1808647]
	at org.apache.jmeter.control.gui.TestPlanGui.createPopupMenu(TestPlanGui.java:93) ~[ApacheJMeter_core.jar:3.3 r1808647]
	at org.apache.jmeter.gui.tree.JMeterTreeNode.createPopupMenu(JMeterTreeNode.java:156) ~[ApacheJMeter_core.jar:3.3 r1808647]
	at org.apache.jmeter.gui.action.EditCommand.doAction(EditCommand.java:46) ~[ApacheJMeter_core.jar:3.3 r1808647]
	at org.apache.jmeter.gui.action.ActionRouter.performAction(ActionRouter.java:80) ~[ApacheJMeter_core.jar:3.3 r1808647]
	at org.apache.jmeter.gui.action.ActionRouter.lambda$actionPerformed$0(ActionRouter.java:65) ~[ApacheJMeter_core.jar:3.3 r1808647]
	at java.awt.event.InvocationEvent.dispatch(InvocationEvent.java:316) ~[?:?]
	at java.awt.EventQueue.dispatchEventImpl(EventQueue.java:770) ~[?:?]
	at java.awt.EventQueue$4.run(EventQueue.java:721) ~[?:?]
	at java.awt.EventQueue$4.run(EventQueue.java:715) ~[?:?]
	at java.security.AccessController.doPrivileged(AccessController.java:391) [?:?]
	at java.security.ProtectionDomain$JavaSecurityAccessImpl.doIntersectionPrivilege(ProtectionDomain.java:85) [?:?]
	at java.awt.EventQueue.dispatchEvent(EventQueue.java:740) [?:?]
	at java.awt.EventDispatchThread.pumpOneEventForFilters(EventDispatchThread.java:203) [?:?]
	at java.awt.EventDispatchThread.pumpEventsForFilter(EventDispatchThread.java:124) [?:?]
	at java.awt.EventDispatchThread.pumpEventsForHierarchy(EventDispatchThread.java:113) [?:?]
	at java.awt.EventDispatchThread.pumpEvents(EventDispatchThread.java:109) [?:?]
	at java.awt.EventDispatchThread.pumpEvents(EventDispatchThread.java:101) [?:?]
	at java.awt.EventDispatchThread.run(EventDispatchThread.java:90) [?:?]
Caused by: java.lang.ClassNotFoundException: javafx.scene.Parent
	at java.net.URLClassLoader.findClass(URLClassLoader.java:435) ~[?:?]
	at java.lang.ClassLoader.loadClass(ClassLoader.java:589) ~[?:?]
	at java.lang.ClassLoader.loadClass(ClassLoader.java:522) ~[?:?]
	... 33 more
2021-02-18 13:49:24,723 INFO o.j.r.PluginManager: Plugins Status: [jpgc-graphs-basic=1.4.0, jpgc-sense=1.4.0, jpgc-cmd=1.4.0, jpgc-graphs-composite=1.4.0, jpgc-csl=1.4.0, jpgc-functions=1.4.0, jpgc-casutg=1.4.0, jpgc-dummy=1.4.0, jpgc-filterresults=1.4.0, jpgc-ffw=1.4.0, jpgc-fifo=1.4.0, jpgc-mergeresults=1.4.0, jpgc-perfmon=1.4.0, jpgc-plugins-manager=1.6, jpgc-webdriver=3.1, jpgc-synthesis=1.4.0, jpgc-plancheck=1.4.0, jpgc-tst=1.4.0, jpgc-wsc=1.4.0, jmeter-core=3.3, jmeter-ftp=3.3, jmeter-http=3.3, jmeter-jdbc=3.3, jmeter-jms=3.3, jmeter-junit=3.3, jmeter-java=3.3, jmeter-ldap=3.3, jmeter-mail=3.3, jmeter-mongodb=3.3, jmeter-native=3.3, jmeter-tcp=3.3, jmeter-components=3.3, jpgc-standard=2.0]
2021-02-18 13:49:24,725 INFO o.j.r.PluginManagerMenuItem: Plugins Manager has upgrades: [jpgc-graphs-basic, jpgc-sense, jpgc-cmd, jpgc-graphs-composite, jpgc-functions, jpgc-casutg, jpgc-filterresults, jpgc-ffw, jpgc-mergeresults, jpgc-perfmon, jpgc-webdriver, jpgc-synthesis, jpgc-plancheck, jpgc-tst]
2021-02-18 13:51:22,029 INFO o.a.j.g.a.Load: Loading file: C:\Users\nonimarine\Downloads\apache-jmeter-3.3\apache-jmeter-3.3\bin\jp@gc - WebDriver Sampler.jmx
2021-02-18 13:51:22,030 INFO o.a.j.s.FileServer: Set new base='C:\Users\nonimarine\Downloads\apache-jmeter-3.3\apache-jmeter-3.3\bin'
2021-02-18 13:51:22,173 INFO o.a.j.s.SaveService: Testplan (JMX) version: 2.2. Testlog (JTL) version: 2.2
2021-02-18 13:51:22,178 INFO o.a.j.s.SaveService: Using SaveService properties version 3.2
2021-02-18 13:51:22,179 INFO o.a.j.s.SaveService: Using SaveService properties file encoding UTF-8
2021-02-18 13:51:22,181 INFO o.a.j.s.SaveService: Loading file: C:\Users\nonimarine\Downloads\apache-jmeter-3.3\apache-jmeter-3.3\bin\jp@gc - WebDriver Sampler.jmx
2021-02-18 13:51:22,355 INFO o.a.j.s.FileServer: Set new base='C:\Users\nonimarine\Downloads\apache-jmeter-3.3\apache-jmeter-3.3\bin'
2021-02-18 13:52:36,395 INFO o.a.j.g.a.Load: Loading file: C:\Users\nonimarine\Downloads\apache-jmeter-3.3\apache-jmeter-3.3\bin\jp@gc - WebDriver Sampler.jmx
2021-02-18 13:52:36,396 INFO o.a.j.s.FileServer: Set new base='C:\Users\nonimarine\Downloads\apache-jmeter-3.3\apache-jmeter-3.3\bin'
2021-02-18 13:52:36,396 INFO o.a.j.s.SaveService: Loading file: C:\Users\nonimarine\Downloads\apache-jmeter-3.3\apache-jmeter-3.3\bin\jp@gc - WebDriver Sampler.jmx
2021-02-18 13:52:36,417 INFO o.a.j.s.FileServer: Set new base='C:\Users\nonimarine\Downloads\apache-jmeter-3.3\apache-jmeter-3.3\bin'
2021-02-18 13:52:58,937 INFO o.a.j.g.a.Load: Loading file: C:\Users\nonimarine\Downloads\apache-jmeter-3.3\apache-jmeter-3.3\bin\jp@gc - WebDriver Sampler.jmx
2021-02-18 13:52:58,937 INFO o.a.j.s.FileServer: Set new base='C:\Users\nonimarine\Downloads\apache-jmeter-3.3\apache-jmeter-3.3\bin'
2021-02-18 13:52:58,937 INFO o.a.j.s.SaveService: Loading file: C:\Users\nonimarine\Downloads\apache-jmeter-3.3\apache-jmeter-3.3\bin\jp@gc - WebDriver Sampler.jmx
2021-02-18 13:52:58,955 INFO o.a.j.s.FileServer: Set new base='C:\Users\nonimarine\Downloads\apache-jmeter-3.3\apache-jmeter-3.3\bin'
2021-02-18 13:53:14,704 INFO o.a.j.e.StandardJMeterEngine: Running the test!
2021-02-18 13:53:14,704 INFO o.a.j.s.SampleEvent: List of sample_variables: []
2021-02-18 13:53:14,705 INFO o.a.j.s.SampleEvent: List of sample_variables: []
2021-02-18 13:53:14,707 INFO o.a.j.g.u.JMeterMenuBar: setRunning(true, *local*)
2021-02-18 13:53:14,757 INFO o.a.j.e.StandardJMeterEngine: Starting ThreadGroup: 1 : Thread Group
2021-02-18 13:53:14,758 INFO o.a.j.e.StandardJMeterEngine: Starting 1 threads for group Thread Group.
2021-02-18 13:53:14,758 INFO o.a.j.e.StandardJMeterEngine: Thread will stop on error
2021-02-18 13:53:14,758 INFO o.a.j.t.ThreadGroup: Starting thread group... number=1 threads=1 ramp-up=1 perThread=1000.0 delayedStart=false
2021-02-18 13:53:14,764 INFO o.a.j.t.ThreadGroup: Started thread group number 1
2021-02-18 13:53:14,765 INFO o.a.j.e.StandardJMeterEngine: All thread groups have been started
2021-02-18 13:53:14,765 INFO o.a.j.t.JMeterThread: Thread started: Thread Group 1-1
2021-02-18 13:53:14,768 INFO o.a.j.t.JMeterThread: Thread finished: Thread Group 1-1
2021-02-18 13:53:14,768 ERROR o.a.j.JMeter: Uncaught exception: 
java.lang.NoClassDefFoundError: com/google/common/collect/ImmutableMap
	at org.openqa.selenium.remote.service.DriverService$Builder.<init>(DriverService.java:211) ~[selenium-remote-driver-2.52.0.jar:?]
	at org.openqa.selenium.chrome.ChromeDriverService$Builder.<init>(ChromeDriverService.java:98) ~[selenium-chrome-driver-3.14.0.jar:?]
	at com.googlecode.jmeter.plugins.webdriver.config.ChromeDriverConfig.getThreadService(ChromeDriverConfig.java:92) ~[jmeter-plugins-webdriver-3.1.jar:?]
	at com.googlecode.jmeter.plugins.webdriver.config.ChromeDriverConfig.createBrowser(ChromeDriverConfig.java:73) ~[jmeter-plugins-webdriver-3.1.jar:?]
	at com.googlecode.jmeter.plugins.webdriver.config.ChromeDriverConfig.createBrowser(ChromeDriverConfig.java:21) ~[jmeter-plugins-webdriver-3.1.jar:?]
	at com.googlecode.jmeter.plugins.webdriver.config.WebDriverConfig.getPreparedBrowser(WebDriverConfig.java:233) ~[jmeter-plugins-webdriver-3.1.jar:?]
	at com.googlecode.jmeter.plugins.webdriver.config.WebDriverConfig.threadStarted(WebDriverConfig.java:220) ~[jmeter-plugins-webdriver-3.1.jar:?]
	at org.apache.jmeter.threads.JMeterThread$ThreadListenerTraverser.addNode(JMeterThread.java:683) ~[ApacheJMeter_core.jar:3.3 r1808647]
	at org.apache.jorphan.collections.HashTree.traverseInto(HashTree.java:996) ~[jorphan.jar:3.3 r1808647]
	at org.apache.jorphan.collections.HashTree.traverse(HashTree.java:978) ~[jorphan.jar:3.3 r1808647]
	at org.apache.jmeter.threads.JMeterThread.threadStarted(JMeterThread.java:652) ~[ApacheJMeter_core.jar:3.3 r1808647]
	at org.apache.jmeter.threads.JMeterThread.initRun(JMeterThread.java:640) ~[ApacheJMeter_core.jar:3.3 r1808647]
	at org.apache.jmeter.threads.JMeterThread.run(JMeterThread.java:251) ~[ApacheJMeter_core.jar:3.3 r1808647]
	at java.lang.Thread.run(Thread.java:832) [?:?]
Caused by: java.lang.ClassNotFoundException: com.google.common.collect.ImmutableMap
	at java.net.URLClassLoader.findClass(URLClassLoader.java:435) ~[?:?]
	at java.lang.ClassLoader.loadClass(ClassLoader.java:589) ~[?:?]
	at java.lang.ClassLoader.loadClass(ClassLoader.java:522) ~[?:?]
	... 14 more
2021-02-18 13:53:14,769 INFO o.a.j.e.StandardJMeterEngine: Notifying test listeners of end of test
2021-02-18 13:53:14,769 INFO o.a.j.g.u.JMeterMenuBar: setRunning(false, *local*)
2021-02-18 13:53:23,305 INFO o.a.j.e.StandardJMeterEngine: Running the test!
2021-02-18 13:53:23,305 INFO o.a.j.s.SampleEvent: List of sample_variables: []
2021-02-18 13:53:23,306 INFO o.a.j.g.u.JMeterMenuBar: setRunning(true, *local*)
2021-02-18 13:53:23,348 INFO o.a.j.e.StandardJMeterEngine: Starting ThreadGroup: 1 : Thread Group
2021-02-18 13:53:23,348 INFO o.a.j.e.StandardJMeterEngine: Starting 1 threads for group Thread Group.
2021-02-18 13:53:23,348 INFO o.a.j.e.StandardJMeterEngine: Thread will stop on error
2021-02-18 13:53:23,349 INFO o.a.j.t.ThreadGroup: Starting thread group... number=1 threads=1 ramp-up=1 perThread=1000.0 delayedStart=false
2021-02-18 13:53:23,351 INFO o.a.j.t.ThreadGroup: Started thread group number 1
2021-02-18 13:53:23,352 INFO o.a.j.e.StandardJMeterEngine: All thread groups have been started
2021-02-18 13:53:23,352 INFO o.a.j.t.JMeterThread: Thread started: Thread Group 1-1
2021-02-18 13:53:23,352 INFO o.a.j.t.JMeterThread: Thread finished: Thread Group 1-1
2021-02-18 13:53:23,352 ERROR o.a.j.JMeter: Uncaught exception: 
java.lang.NoClassDefFoundError: com/google/common/collect/ImmutableMap
	at org.openqa.selenium.remote.service.DriverService$Builder.<init>(DriverService.java:211) ~[selenium-remote-driver-2.52.0.jar:?]
	at org.openqa.selenium.chrome.ChromeDriverService$Builder.<init>(ChromeDriverService.java:98) ~[selenium-chrome-driver-3.14.0.jar:?]
	at com.googlecode.jmeter.plugins.webdriver.config.ChromeDriverConfig.getThreadService(ChromeDriverConfig.java:92) ~[jmeter-plugins-webdriver-3.1.jar:?]
	at com.googlecode.jmeter.plugins.webdriver.config.ChromeDriverConfig.createBrowser(ChromeDriverConfig.java:73) ~[jmeter-plugins-webdriver-3.1.jar:?]
	at com.googlecode.jmeter.plugins.webdriver.config.ChromeDriverConfig.createBrowser(ChromeDriverConfig.java:21) ~[jmeter-plugins-webdriver-3.1.jar:?]
	at com.googlecode.jmeter.plugins.webdriver.config.WebDriverConfig.getPreparedBrowser(WebDriverConfig.java:233) ~[jmeter-plugins-webdriver-3.1.jar:?]
	at com.googlecode.jmeter.plugins.webdriver.config.WebDriverConfig.threadStarted(WebDriverConfig.java:220) ~[jmeter-plugins-webdriver-3.1.jar:?]
	at org.apache.jmeter.threads.JMeterThread$ThreadListenerTraverser.addNode(JMeterThread.java:683) ~[ApacheJMeter_core.jar:3.3 r1808647]
	at org.apache.jorphan.collections.HashTree.traverseInto(HashTree.java:996) ~[jorphan.jar:3.3 r1808647]
	at org.apache.jorphan.collections.HashTree.traverse(HashTree.java:978) ~[jorphan.jar:3.3 r1808647]
	at org.apache.jmeter.threads.JMeterThread.threadStarted(JMeterThread.java:652) ~[ApacheJMeter_core.jar:3.3 r1808647]
	at org.apache.jmeter.threads.JMeterThread.initRun(JMeterThread.java:640) ~[ApacheJMeter_core.jar:3.3 r1808647]
	at org.apache.jmeter.threads.JMeterThread.run(JMeterThread.java:251) ~[ApacheJMeter_core.jar:3.3 r1808647]
	at java.lang.Thread.run(Thread.java:832) [?:?]
2021-02-18 13:53:23,353 INFO o.a.j.e.StandardJMeterEngine: Notifying test listeners of end of test
2021-02-18 13:53:23,353 INFO o.a.j.g.u.JMeterMenuBar: setRunning(false, *local*)
2021-02-18 14:53:50,030 INFO o.a.j.e.StandardJMeterEngine: Running the test!
2021-02-18 14:53:50,030 INFO o.a.j.s.SampleEvent: List of sample_variables: []
2021-02-18 14:53:50,030 INFO o.a.j.g.u.JMeterMenuBar: setRunning(true, *local*)
2021-02-18 14:53:50,120 INFO o.a.j.e.StandardJMeterEngine: Starting ThreadGroup: 1 : Thread Group
2021-02-18 14:53:50,120 INFO o.a.j.e.StandardJMeterEngine: Starting 1 threads for group Thread Group.
2021-02-18 14:53:50,120 INFO o.a.j.e.StandardJMeterEngine: Thread will stop on error
2021-02-18 14:53:50,120 INFO o.a.j.t.ThreadGroup: Starting thread group... number=1 threads=1 ramp-up=1 perThread=1000.0 delayedStart=false
2021-02-18 14:53:50,120 INFO o.a.j.t.ThreadGroup: Started thread group number 1
2021-02-18 14:53:50,120 INFO o.a.j.e.StandardJMeterEngine: All thread groups have been started
2021-02-18 14:53:50,120 INFO o.a.j.t.JMeterThread: Thread started: Thread Group 1-1
2021-02-18 14:53:50,120 INFO o.a.j.t.JMeterThread: Thread finished: Thread Group 1-1
2021-02-18 14:53:50,120 ERROR o.a.j.JMeter: Uncaught exception: 
java.lang.NoClassDefFoundError: com/google/common/collect/ImmutableMap
	at org.openqa.selenium.remote.service.DriverService$Builder.<init>(DriverService.java:211) ~[selenium-remote-driver-2.52.0.jar:?]
	at org.openqa.selenium.chrome.ChromeDriverService$Builder.<init>(ChromeDriverService.java:98) ~[selenium-chrome-driver-3.14.0.jar:?]
	at com.googlecode.jmeter.plugins.webdriver.config.ChromeDriverConfig.getThreadService(ChromeDriverConfig.java:92) ~[jmeter-plugins-webdriver-3.1.jar:?]
	at com.googlecode.jmeter.plugins.webdriver.config.ChromeDriverConfig.createBrowser(ChromeDriverConfig.java:73) ~[jmeter-plugins-webdriver-3.1.jar:?]
	at com.googlecode.jmeter.plugins.webdriver.config.ChromeDriverConfig.createBrowser(ChromeDriverConfig.java:21) ~[jmeter-plugins-webdriver-3.1.jar:?]
	at com.googlecode.jmeter.plugins.webdriver.config.WebDriverConfig.getPreparedBrowser(WebDriverConfig.java:233) ~[jmeter-plugins-webdriver-3.1.jar:?]
	at com.googlecode.jmeter.plugins.webdriver.config.WebDriverConfig.threadStarted(WebDriverConfig.java:220) ~[jmeter-plugins-webdriver-3.1.jar:?]
	at org.apache.jmeter.threads.JMeterThread$ThreadListenerTraverser.addNode(JMeterThread.java:683) ~[ApacheJMeter_core.jar:3.3 r1808647]
	at org.apache.jorphan.collections.HashTree.traverseInto(HashTree.java:996) ~[jorphan.jar:3.3 r1808647]
	at org.apache.jorphan.collections.HashTree.traverse(HashTree.java:978) ~[jorphan.jar:3.3 r1808647]
	at org.apache.jmeter.threads.JMeterThread.threadStarted(JMeterThread.java:652) ~[ApacheJMeter_core.jar:3.3 r1808647]
	at org.apache.jmeter.threads.JMeterThread.initRun(JMeterThread.java:640) ~[ApacheJMeter_core.jar:3.3 r1808647]
	at org.apache.jmeter.threads.JMeterThread.run(JMeterThread.java:251) ~[ApacheJMeter_core.jar:3.3 r1808647]
	at java.lang.Thread.run(Thread.java:832) [?:?]
2021-02-18 14:53:50,130 INFO o.a.j.e.StandardJMeterEngine: Notifying test listeners of end of test
2021-02-18 14:53:50,130 INFO o.a.j.g.u.JMeterMenuBar: setRunning(false, *local*)
2021-02-18 14:54:04,900 INFO o.a.j.e.DistributedRunner: Configuring remote engine: 127.0.0.1
2021-02-18 14:54:06,994 ERROR o.a.j.e.DistributedRunner: Failed to create engine at 127.0.0.1
java.rmi.ConnectException: Connection refused to host: 127.0.0.1; nested exception is: 
	java.net.ConnectException: Connection refused: connect
	at sun.rmi.transport.tcp.TCPEndpoint.newSocket(TCPEndpoint.java:623) ~[?:?]
	at sun.rmi.transport.tcp.TCPChannel.createConnection(TCPChannel.java:209) ~[?:?]
	at sun.rmi.transport.tcp.TCPChannel.newConnection(TCPChannel.java:196) ~[?:?]
	at sun.rmi.server.UnicastRef.newCall(UnicastRef.java:343) ~[?:?]
	at sun.rmi.registry.RegistryImpl_Stub.lookup(RegistryImpl_Stub.java:116) ~[?:?]
	at java.rmi.Naming.lookup(Naming.java:101) ~[?:?]
	at org.apache.jmeter.engine.ClientJMeterEngine.getEngine(ClientJMeterEngine.java:54) ~[ApacheJMeter_core.jar:3.3 r1808647]
	at org.apache.jmeter.engine.ClientJMeterEngine.<init>(ClientJMeterEngine.java:67) ~[ApacheJMeter_core.jar:3.3 r1808647]
	at org.apache.jmeter.engine.DistributedRunner.createEngine(DistributedRunner.java:237) ~[ApacheJMeter_core.jar:3.3 r1808647]
	at org.apache.jmeter.engine.DistributedRunner.getClientEngine(DistributedRunner.java:213) ~[ApacheJMeter_core.jar:3.3 r1808647]
	at org.apache.jmeter.engine.DistributedRunner.init(DistributedRunner.java:93) ~[ApacheJMeter_core.jar:3.3 r1808647]
	at org.apache.jmeter.gui.action.RemoteStart.doAction(RemoteStart.java:86) ~[ApacheJMeter_core.jar:3.3 r1808647]
	at org.apache.jmeter.gui.action.ActionRouter.performAction(ActionRouter.java:80) ~[ApacheJMeter_core.jar:3.3 r1808647]
	at org.apache.jmeter.gui.action.ActionRouter.lambda$actionPerformed$0(ActionRouter.java:65) ~[ApacheJMeter_core.jar:3.3 r1808647]
	at java.awt.event.InvocationEvent.dispatch(InvocationEvent.java:316) ~[?:?]
	at java.awt.EventQueue.dispatchEventImpl(EventQueue.java:770) ~[?:?]
	at java.awt.EventQueue$4.run(EventQueue.java:721) ~[?:?]
	at java.awt.EventQueue$4.run(EventQueue.java:715) ~[?:?]
	at java.security.AccessController.doPrivileged(AccessController.java:391) [?:?]
	at java.security.ProtectionDomain$JavaSecurityAccessImpl.doIntersectionPrivilege(ProtectionDomain.java:85) [?:?]
	at java.awt.EventQueue.dispatchEvent(EventQueue.java:740) [?:?]
	at java.awt.EventDispatchThread.pumpOneEventForFilters(EventDispatchThread.java:203) [?:?]
	at java.awt.EventDispatchThread.pumpEventsForFilter(EventDispatchThread.java:124) [?:?]
	at java.awt.EventDispatchThread.pumpEventsForHierarchy(EventDispatchThread.java:113) [?:?]
	at java.awt.EventDispatchThread.pumpEvents(EventDispatchThread.java:109) [?:?]
	at java.awt.EventDispatchThread.pumpEvents(EventDispatchThread.java:101) [?:?]
	at java.awt.EventDispatchThread.run(EventDispatchThread.java:90) [?:?]
Caused by: java.net.ConnectException: Connection refused: connect
	at sun.nio.ch.Net.connect0(Native Method) ~[?:?]
	at sun.nio.ch.Net.connect(Net.java:574) ~[?:?]
	at sun.nio.ch.Net.connect(Net.java:563) ~[?:?]
	at sun.nio.ch.NioSocketImpl.connect(NioSocketImpl.java:588) ~[?:?]
	at java.net.SocksSocketImpl.connect(SocksSocketImpl.java:333) ~[?:?]
	at java.net.Socket.connect(Socket.java:648) ~[?:?]
	at java.net.Socket.connect(Socket.java:597) ~[?:?]
	at java.net.Socket.<init>(Socket.java:520) ~[?:?]
	at java.net.Socket.<init>(Socket.java:294) ~[?:?]
	at sun.rmi.transport.tcp.TCPDirectSocketFactory.createSocket(TCPDirectSocketFactory.java:40) ~[?:?]
	at sun.rmi.transport.tcp.TCPEndpoint.newSocket(TCPEndpoint.java:617) ~[?:?]
	... 26 more
2021-02-18 14:54:10,919 INFO o.a.j.e.DistributedRunner: Failed to configure 127.0.0.1
2021-02-18 14:54:10,919 INFO o.a.j.e.DistributedRunner: Stopping remote engines
2021-02-18 14:54:10,919 INFO o.a.j.e.DistributedRunner: Remote engines have been stopped
2021-02-18 14:54:10,919 ERROR o.a.j.g.a.ActionRouter: Error processing org.apache.jmeter.gui.action.RemoteStart@6c03fb16
java.lang.RuntimeException: Following remote engines could not be configured:[127.0.0.1]
	at org.apache.jmeter.engine.DistributedRunner.init(DistributedRunner.java:112) ~[ApacheJMeter_core.jar:3.3 r1808647]
	at org.apache.jmeter.gui.action.RemoteStart.doAction(RemoteStart.java:86) ~[ApacheJMeter_core.jar:3.3 r1808647]
	at org.apache.jmeter.gui.action.ActionRouter.performAction(ActionRouter.java:80) ~[ApacheJMeter_core.jar:3.3 r1808647]
	at org.apache.jmeter.gui.action.ActionRouter.lambda$actionPerformed$0(ActionRouter.java:65) ~[ApacheJMeter_core.jar:3.3 r1808647]
	at java.awt.event.InvocationEvent.dispatch(InvocationEvent.java:316) ~[?:?]
	at java.awt.EventQueue.dispatchEventImpl(EventQueue.java:770) ~[?:?]
	at java.awt.EventQueue$4.run(EventQueue.java:721) ~[?:?]
	at java.awt.EventQueue$4.run(EventQueue.java:715) ~[?:?]
	at java.security.AccessController.doPrivileged(AccessController.java:391) [?:?]
	at java.security.ProtectionDomain$JavaSecurityAccessImpl.doIntersectionPrivilege(ProtectionDomain.java:85) [?:?]
	at java.awt.EventQueue.dispatchEvent(EventQueue.java:740) [?:?]
	at java.awt.EventDispatchThread.pumpOneEventForFilters(EventDispatchThread.java:203) [?:?]
	at java.awt.EventDispatchThread.pumpEventsForFilter(EventDispatchThread.java:124) [?:?]
	at java.awt.EventDispatchThread.pumpEventsForHierarchy(EventDispatchThread.java:113) [?:?]
	at java.awt.EventDispatchThread.pumpEvents(EventDispatchThread.java:109) [?:?]
	at java.awt.EventDispatchThread.pumpEvents(EventDispatchThread.java:101) [?:?]
	at java.awt.EventDispatchThread.run(EventDispatchThread.java:90) [?:?]
2021-02-18 14:54:27,100 INFO o.a.j.e.StandardJMeterEngine: Running the test!
2021-02-18 14:54:27,100 INFO o.a.j.s.SampleEvent: List of sample_variables: []
2021-02-18 14:54:27,110 INFO o.a.j.g.u.JMeterMenuBar: setRunning(true, *local*)
2021-02-18 14:54:27,185 INFO o.a.j.e.StandardJMeterEngine: Starting ThreadGroup: 1 : Thread Group
2021-02-18 14:54:27,185 INFO o.a.j.e.StandardJMeterEngine: Starting 1 threads for group Thread Group.
2021-02-18 14:54:27,185 INFO o.a.j.e.StandardJMeterEngine: Thread will stop on error
2021-02-18 14:54:27,185 INFO o.a.j.t.ThreadGroup: Starting thread group... number=1 threads=1 ramp-up=1 perThread=1000.0 delayedStart=false
2021-02-18 14:54:27,190 INFO o.a.j.t.ThreadGroup: Started thread group number 1
2021-02-18 14:54:27,190 INFO o.a.j.e.StandardJMeterEngine: All thread groups have been started
2021-02-18 14:54:27,190 INFO o.a.j.t.JMeterThread: Thread started: Thread Group 1-1
2021-02-18 14:54:27,190 INFO o.a.j.t.JMeterThread: Thread finished: Thread Group 1-1
2021-02-18 14:54:27,190 ERROR o.a.j.JMeter: Uncaught exception: 
java.lang.NoClassDefFoundError: com/google/common/collect/ImmutableMap
	at org.openqa.selenium.remote.service.DriverService$Builder.<init>(DriverService.java:211) ~[selenium-remote-driver-2.52.0.jar:?]
	at org.openqa.selenium.chrome.ChromeDriverService$Builder.<init>(ChromeDriverService.java:98) ~[selenium-chrome-driver-3.14.0.jar:?]
	at com.googlecode.jmeter.plugins.webdriver.config.ChromeDriverConfig.getThreadService(ChromeDriverConfig.java:92) ~[jmeter-plugins-webdriver-3.1.jar:?]
	at com.googlecode.jmeter.plugins.webdriver.config.ChromeDriverConfig.createBrowser(ChromeDriverConfig.java:73) ~[jmeter-plugins-webdriver-3.1.jar:?]
	at com.googlecode.jmeter.plugins.webdriver.config.ChromeDriverConfig.createBrowser(ChromeDriverConfig.java:21) ~[jmeter-plugins-webdriver-3.1.jar:?]
	at com.googlecode.jmeter.plugins.webdriver.config.WebDriverConfig.getPreparedBrowser(WebDriverConfig.java:233) ~[jmeter-plugins-webdriver-3.1.jar:?]
	at com.googlecode.jmeter.plugins.webdriver.config.WebDriverConfig.threadStarted(WebDriverConfig.java:220) ~[jmeter-plugins-webdriver-3.1.jar:?]
	at org.apache.jmeter.threads.JMeterThread$ThreadListenerTraverser.addNode(JMeterThread.java:683) ~[ApacheJMeter_core.jar:3.3 r1808647]
	at org.apache.jorphan.collections.HashTree.traverseInto(HashTree.java:996) ~[jorphan.jar:3.3 r1808647]
	at org.apache.jorphan.collections.HashTree.traverse(HashTree.java:978) ~[jorphan.jar:3.3 r1808647]
	at org.apache.jmeter.threads.JMeterThread.threadStarted(JMeterThread.java:652) ~[ApacheJMeter_core.jar:3.3 r1808647]
	at org.apache.jmeter.threads.JMeterThread.initRun(JMeterThread.java:640) ~[ApacheJMeter_core.jar:3.3 r1808647]
	at org.apache.jmeter.threads.JMeterThread.run(JMeterThread.java:251) ~[ApacheJMeter_core.jar:3.3 r1808647]
	at java.lang.Thread.run(Thread.java:832) [?:?]
2021-02-18 14:54:27,190 INFO o.a.j.e.StandardJMeterEngine: Notifying test listeners of end of test
2021-02-18 14:54:27,190 INFO o.a.j.g.u.JMeterMenuBar: setRunning(false, *local*)
2021-02-18 14:54:45,630 INFO o.a.j.e.StandardJMeterEngine: Running the test!
2021-02-18 14:54:45,640 INFO o.a.j.s.SampleEvent: List of sample_variables: []
2021-02-18 14:54:45,640 INFO o.a.j.g.u.JMeterMenuBar: setRunning(true, *local*)
2021-02-18 14:54:45,729 INFO o.a.j.e.StandardJMeterEngine: Starting ThreadGroup: 1 : Thread Group
2021-02-18 14:54:45,729 INFO o.a.j.e.StandardJMeterEngine: Starting 1 threads for group Thread Group.
2021-02-18 14:54:45,729 INFO o.a.j.e.StandardJMeterEngine: Thread will stop on error
2021-02-18 14:54:45,729 INFO o.a.j.t.ThreadGroup: Starting thread group... number=1 threads=1 ramp-up=1 perThread=1000.0 delayedStart=false
2021-02-18 14:54:45,729 INFO o.a.j.t.ThreadGroup: Started thread group number 1
2021-02-18 14:54:45,729 INFO o.a.j.e.StandardJMeterEngine: All thread groups have been started
2021-02-18 14:54:45,729 INFO o.a.j.t.JMeterThread: Thread started: Thread Group 1-1
2021-02-18 14:54:45,729 INFO o.a.j.t.JMeterThread: Thread finished: Thread Group 1-1
2021-02-18 14:54:45,729 ERROR o.a.j.JMeter: Uncaught exception: 
java.lang.NoClassDefFoundError: com/google/common/collect/ImmutableMap
	at org.openqa.selenium.remote.service.DriverService$Builder.<init>(DriverService.java:211) ~[selenium-remote-driver-2.52.0.jar:?]
	at org.openqa.selenium.chrome.ChromeDriverService$Builder.<init>(ChromeDriverService.java:98) ~[selenium-chrome-driver-3.14.0.jar:?]
	at com.googlecode.jmeter.plugins.webdriver.config.ChromeDriverConfig.getThreadService(ChromeDriverConfig.java:92) ~[jmeter-plugins-webdriver-3.1.jar:?]
	at com.googlecode.jmeter.plugins.webdriver.config.ChromeDriverConfig.createBrowser(ChromeDriverConfig.java:73) ~[jmeter-plugins-webdriver-3.1.jar:?]
	at com.googlecode.jmeter.plugins.webdriver.config.ChromeDriverConfig.createBrowser(ChromeDriverConfig.java:21) ~[jmeter-plugins-webdriver-3.1.jar:?]
	at com.googlecode.jmeter.plugins.webdriver.config.WebDriverConfig.getPreparedBrowser(WebDriverConfig.java:233) ~[jmeter-plugins-webdriver-3.1.jar:?]
	at com.googlecode.jmeter.plugins.webdriver.config.WebDriverConfig.threadStarted(WebDriverConfig.java:220) ~[jmeter-plugins-webdriver-3.1.jar:?]
	at org.apache.jmeter.threads.JMeterThread$ThreadListenerTraverser.addNode(JMeterThread.java:683) ~[ApacheJMeter_core.jar:3.3 r1808647]
	at org.apache.jorphan.collections.HashTree.traverseInto(HashTree.java:996) ~[jorphan.jar:3.3 r1808647]
	at org.apache.jorphan.collections.HashTree.traverse(HashTree.java:978) ~[jorphan.jar:3.3 r1808647]
	at org.apache.jmeter.threads.JMeterThread.threadStarted(JMeterThread.java:652) ~[ApacheJMeter_core.jar:3.3 r1808647]
	at org.apache.jmeter.threads.JMeterThread.initRun(JMeterThread.java:640) ~[ApacheJMeter_core.jar:3.3 r1808647]
	at org.apache.jmeter.threads.JMeterThread.run(JMeterThread.java:251) ~[ApacheJMeter_core.jar:3.3 r1808647]
	at java.lang.Thread.run(Thread.java:832) [?:?]
2021-02-18 14:54:45,729 INFO o.a.j.e.StandardJMeterEngine: Notifying test listeners of end of test
2021-02-18 14:54:45,729 INFO o.a.j.g.u.JMeterMenuBar: setRunning(false, *local*)
2021-02-18 14:55:05,550 INFO o.a.j.e.StandardJMeterEngine: Running the test!
2021-02-18 14:55:05,550 INFO o.a.j.s.SampleEvent: List of sample_variables: []
2021-02-18 14:55:05,550 INFO o.a.j.g.u.JMeterMenuBar: setRunning(true, *local*)
2021-02-18 14:55:05,625 INFO o.a.j.e.StandardJMeterEngine: Starting ThreadGroup: 1 : Thread Group
2021-02-18 14:55:05,625 INFO o.a.j.e.StandardJMeterEngine: Starting 1 threads for group Thread Group.
2021-02-18 14:55:05,625 INFO o.a.j.e.StandardJMeterEngine: Thread will stop on error
2021-02-18 14:55:05,625 INFO o.a.j.t.ThreadGroup: Starting thread group... number=1 threads=1 ramp-up=1 perThread=1000.0 delayedStart=false
2021-02-18 14:55:05,625 INFO o.a.j.t.ThreadGroup: Started thread group number 1
2021-02-18 14:55:05,625 INFO o.a.j.e.StandardJMeterEngine: All thread groups have been started
2021-02-18 14:55:05,625 INFO o.a.j.t.JMeterThread: Thread started: Thread Group 1-1
2021-02-18 14:55:05,625 INFO o.a.j.t.JMeterThread: Thread finished: Thread Group 1-1
2021-02-18 14:55:05,625 ERROR o.a.j.JMeter: Uncaught exception: 
java.lang.NoClassDefFoundError: com/google/common/collect/ImmutableMap
	at org.openqa.selenium.remote.service.DriverService$Builder.<init>(DriverService.java:211) ~[selenium-remote-driver-2.52.0.jar:?]
	at org.openqa.selenium.chrome.ChromeDriverService$Builder.<init>(ChromeDriverService.java:98) ~[selenium-chrome-driver-3.14.0.jar:?]
	at com.googlecode.jmeter.plugins.webdriver.config.ChromeDriverConfig.getThreadService(ChromeDriverConfig.java:92) ~[jmeter-plugins-webdriver-3.1.jar:?]
	at com.googlecode.jmeter.plugins.webdriver.config.ChromeDriverConfig.createBrowser(ChromeDriverConfig.java:73) ~[jmeter-plugins-webdriver-3.1.jar:?]
	at com.googlecode.jmeter.plugins.webdriver.config.ChromeDriverConfig.createBrowser(ChromeDriverConfig.java:21) ~[jmeter-plugins-webdriver-3.1.jar:?]
	at com.googlecode.jmeter.plugins.webdriver.config.WebDriverConfig.getPreparedBrowser(WebDriverConfig.java:233) ~[jmeter-plugins-webdriver-3.1.jar:?]
	at com.googlecode.jmeter.plugins.webdriver.config.WebDriverConfig.threadStarted(WebDriverConfig.java:220) ~[jmeter-plugins-webdriver-3.1.jar:?]
	at org.apache.jmeter.threads.JMeterThread$ThreadListenerTraverser.addNode(JMeterThread.java:683) ~[ApacheJMeter_core.jar:3.3 r1808647]
	at org.apache.jorphan.collections.HashTree.traverseInto(HashTree.java:996) ~[jorphan.jar:3.3 r1808647]
	at org.apache.jorphan.collections.HashTree.traverse(HashTree.java:978) ~[jorphan.jar:3.3 r1808647]
	at org.apache.jmeter.threads.JMeterThread.threadStarted(JMeterThread.java:652) ~[ApacheJMeter_core.jar:3.3 r1808647]
	at org.apache.jmeter.threads.JMeterThread.initRun(JMeterThread.java:640) ~[ApacheJMeter_core.jar:3.3 r1808647]
	at org.apache.jmeter.threads.JMeterThread.run(JMeterThread.java:251) ~[ApacheJMeter_core.jar:3.3 r1808647]
	at java.lang.Thread.run(Thread.java:832) [?:?]
2021-02-18 14:55:05,625 INFO o.a.j.e.StandardJMeterEngine: Notifying test listeners of end of test
2021-02-18 14:55:05,625 INFO o.a.j.g.u.JMeterMenuBar: setRunning(false, *local*)
2021-02-18 14:55:13,735 INFO o.a.j.e.StandardJMeterEngine: Running the test!
2021-02-18 14:55:13,735 INFO o.a.j.s.SampleEvent: List of sample_variables: []
2021-02-18 14:55:13,735 INFO o.a.j.g.u.JMeterMenuBar: setRunning(true, *local*)
2021-02-18 14:55:13,819 INFO o.a.j.e.StandardJMeterEngine: Starting ThreadGroup: 1 : Thread Group
2021-02-18 14:55:13,819 INFO o.a.j.e.StandardJMeterEngine: Starting 1 threads for group Thread Group.
2021-02-18 14:55:13,819 INFO o.a.j.e.StandardJMeterEngine: Thread will stop on error
2021-02-18 14:55:13,819 INFO o.a.j.t.ThreadGroup: Starting thread group... number=1 threads=1 ramp-up=1 perThread=1000.0 delayedStart=false
2021-02-18 14:55:13,819 INFO o.a.j.t.ThreadGroup: Started thread group number 1
2021-02-18 14:55:13,819 INFO o.a.j.e.StandardJMeterEngine: All thread groups have been started
2021-02-18 14:55:13,819 INFO o.a.j.t.JMeterThread: Thread started: Thread Group 1-1
2021-02-18 14:55:13,819 INFO o.a.j.t.JMeterThread: Thread finished: Thread Group 1-1
2021-02-18 14:55:13,819 ERROR o.a.j.JMeter: Uncaught exception: 
java.lang.NoClassDefFoundError: com/google/common/collect/ImmutableMap
	at org.openqa.selenium.remote.service.DriverService$Builder.<init>(DriverService.java:211) ~[selenium-remote-driver-2.52.0.jar:?]
	at org.openqa.selenium.chrome.ChromeDriverService$Builder.<init>(ChromeDriverService.java:98) ~[selenium-chrome-driver-3.14.0.jar:?]
	at com.googlecode.jmeter.plugins.webdriver.config.ChromeDriverConfig.getThreadService(ChromeDriverConfig.java:92) ~[jmeter-plugins-webdriver-3.1.jar:?]
	at com.googlecode.jmeter.plugins.webdriver.config.ChromeDriverConfig.createBrowser(ChromeDriverConfig.java:73) ~[jmeter-plugins-webdriver-3.1.jar:?]
	at com.googlecode.jmeter.plugins.webdriver.config.ChromeDriverConfig.createBrowser(ChromeDriverConfig.java:21) ~[jmeter-plugins-webdriver-3.1.jar:?]
	at com.googlecode.jmeter.plugins.webdriver.config.WebDriverConfig.getPreparedBrowser(WebDriverConfig.java:233) ~[jmeter-plugins-webdriver-3.1.jar:?]
	at com.googlecode.jmeter.plugins.webdriver.config.WebDriverConfig.threadStarted(WebDriverConfig.java:220) ~[jmeter-plugins-webdriver-3.1.jar:?]
	at org.apache.jmeter.threads.JMeterThread$ThreadListenerTraverser.addNode(JMeterThread.java:683) ~[ApacheJMeter_core.jar:3.3 r1808647]
	at org.apache.jorphan.collections.HashTree.traverseInto(HashTree.java:996) ~[jorphan.jar:3.3 r1808647]
	at org.apache.jorphan.collections.HashTree.traverse(HashTree.java:978) ~[jorphan.jar:3.3 r1808647]
	at org.apache.jmeter.threads.JMeterThread.threadStarted(JMeterThread.java:652) ~[ApacheJMeter_core.jar:3.3 r1808647]
	at org.apache.jmeter.threads.JMeterThread.initRun(JMeterThread.java:640) ~[ApacheJMeter_core.jar:3.3 r1808647]
	at org.apache.jmeter.threads.JMeterThread.run(JMeterThread.java:251) ~[ApacheJMeter_core.jar:3.3 r1808647]
	at java.lang.Thread.run(Thread.java:832) [?:?]
2021-02-18 14:55:13,819 INFO o.a.j.e.StandardJMeterEngine: Notifying test listeners of end of test
2021-02-18 14:55:13,819 INFO o.a.j.g.u.JMeterMenuBar: setRunning(false, *local*)
2021-02-18 14:55:31,070 INFO o.a.j.e.StandardJMeterEngine: Running the test!
2021-02-18 14:55:31,070 INFO o.a.j.s.SampleEvent: List of sample_variables: []
2021-02-18 14:55:31,070 INFO o.a.j.g.u.JMeterMenuBar: setRunning(true, *local*)
2021-02-18 14:55:31,145 INFO o.a.j.e.StandardJMeterEngine: Starting ThreadGroup: 1 : Thread Group
2021-02-18 14:55:31,145 INFO o.a.j.e.StandardJMeterEngine: Starting 1 threads for group Thread Group.
2021-02-18 14:55:31,145 INFO o.a.j.e.StandardJMeterEngine: Thread will stop on error
2021-02-18 14:55:31,145 INFO o.a.j.t.ThreadGroup: Starting thread group... number=1 threads=1 ramp-up=1 perThread=1000.0 delayedStart=false
2021-02-18 14:55:31,145 INFO o.a.j.t.ThreadGroup: Started thread group number 1
2021-02-18 14:55:31,145 INFO o.a.j.e.StandardJMeterEngine: All thread groups have been started
2021-02-18 14:55:31,145 INFO o.a.j.t.JMeterThread: Thread started: Thread Group 1-1
2021-02-18 14:55:31,145 INFO o.a.j.t.JMeterThread: Thread finished: Thread Group 1-1
2021-02-18 14:55:31,145 ERROR o.a.j.JMeter: Uncaught exception: 
java.lang.NoClassDefFoundError: com/google/common/collect/ImmutableMap
	at org.openqa.selenium.remote.service.DriverService$Builder.<init>(DriverService.java:211) ~[selenium-remote-driver-2.52.0.jar:?]
	at org.openqa.selenium.chrome.ChromeDriverService$Builder.<init>(ChromeDriverService.java:98) ~[selenium-chrome-driver-3.14.0.jar:?]
	at com.googlecode.jmeter.plugins.webdriver.config.ChromeDriverConfig.getThreadService(ChromeDriverConfig.java:92) ~[jmeter-plugins-webdriver-3.1.jar:?]
	at com.googlecode.jmeter.plugins.webdriver.config.ChromeDriverConfig.createBrowser(ChromeDriverConfig.java:73) ~[jmeter-plugins-webdriver-3.1.jar:?]
	at com.googlecode.jmeter.plugins.webdriver.config.ChromeDriverConfig.createBrowser(ChromeDriverConfig.java:21) ~[jmeter-plugins-webdriver-3.1.jar:?]
	at com.googlecode.jmeter.plugins.webdriver.config.WebDriverConfig.getPreparedBrowser(WebDriverConfig.java:233) ~[jmeter-plugins-webdriver-3.1.jar:?]
	at com.googlecode.jmeter.plugins.webdriver.config.WebDriverConfig.threadStarted(WebDriverConfig.java:220) ~[jmeter-plugins-webdriver-3.1.jar:?]
	at org.apache.jmeter.threads.JMeterThread$ThreadListenerTraverser.addNode(JMeterThread.java:683) ~[ApacheJMeter_core.jar:3.3 r1808647]
	at org.apache.jorphan.collections.HashTree.traverseInto(HashTree.java:996) ~[jorphan.jar:3.3 r1808647]
	at org.apache.jorphan.collections.HashTree.traverse(HashTree.java:978) ~[jorphan.jar:3.3 r1808647]
	at org.apache.jmeter.threads.JMeterThread.threadStarted(JMeterThread.java:652) ~[ApacheJMeter_core.jar:3.3 r1808647]
	at org.apache.jmeter.threads.JMeterThread.initRun(JMeterThread.java:640) ~[ApacheJMeter_core.jar:3.3 r1808647]
	at org.apache.jmeter.threads.JMeterThread.run(JMeterThread.java:251) ~[ApacheJMeter_core.jar:3.3 r1808647]
	at java.lang.Thread.run(Thread.java:832) [?:?]
2021-02-18 14:55:31,145 INFO o.a.j.e.StandardJMeterEngine: Notifying test listeners of end of test
2021-02-18 14:55:31,145 INFO o.a.j.g.u.JMeterMenuBar: setRunning(false, *local*)
2021-02-18 14:55:37,790 INFO o.a.j.e.StandardJMeterEngine: Running the test!
2021-02-18 14:55:37,790 INFO o.a.j.s.SampleEvent: List of sample_variables: []
2021-02-18 14:55:37,790 INFO o.a.j.g.u.JMeterMenuBar: setRunning(true, *local*)
2021-02-18 14:55:37,850 INFO o.a.j.e.StandardJMeterEngine: Starting ThreadGroup: 1 : Thread Group
2021-02-18 14:55:37,850 INFO o.a.j.e.StandardJMeterEngine: Starting 1 threads for group Thread Group.
2021-02-18 14:55:37,850 INFO o.a.j.e.StandardJMeterEngine: Thread will stop on error
2021-02-18 14:55:37,850 INFO o.a.j.t.ThreadGroup: Starting thread group... number=1 threads=1 ramp-up=1 perThread=1000.0 delayedStart=false
2021-02-18 14:55:37,859 INFO o.a.j.t.ThreadGroup: Started thread group number 1
2021-02-18 14:55:37,859 INFO o.a.j.e.StandardJMeterEngine: All thread groups have been started
2021-02-18 14:55:37,859 INFO o.a.j.t.JMeterThread: Thread started: Thread Group 1-1
2021-02-18 14:55:37,859 INFO o.a.j.t.JMeterThread: Thread finished: Thread Group 1-1
2021-02-18 14:55:37,859 ERROR o.a.j.JMeter: Uncaught exception: 
java.lang.NoClassDefFoundError: com/google/common/collect/ImmutableMap
	at org.openqa.selenium.remote.service.DriverService$Builder.<init>(DriverService.java:211) ~[selenium-remote-driver-2.52.0.jar:?]
	at org.openqa.selenium.chrome.ChromeDriverService$Builder.<init>(ChromeDriverService.java:98) ~[selenium-chrome-driver-3.14.0.jar:?]
	at com.googlecode.jmeter.plugins.webdriver.config.ChromeDriverConfig.getThreadService(ChromeDriverConfig.java:92) ~[jmeter-plugins-webdriver-3.1.jar:?]
	at com.googlecode.jmeter.plugins.webdriver.config.ChromeDriverConfig.createBrowser(ChromeDriverConfig.java:73) ~[jmeter-plugins-webdriver-3.1.jar:?]
	at com.googlecode.jmeter.plugins.webdriver.config.ChromeDriverConfig.createBrowser(ChromeDriverConfig.java:21) ~[jmeter-plugins-webdriver-3.1.jar:?]
	at com.googlecode.jmeter.plugins.webdriver.config.WebDriverConfig.getPreparedBrowser(WebDriverConfig.java:233) ~[jmeter-plugins-webdriver-3.1.jar:?]
	at com.googlecode.jmeter.plugins.webdriver.config.WebDriverConfig.threadStarted(WebDriverConfig.java:220) ~[jmeter-plugins-webdriver-3.1.jar:?]
	at org.apache.jmeter.threads.JMeterThread$ThreadListenerTraverser.addNode(JMeterThread.java:683) ~[ApacheJMeter_core.jar:3.3 r1808647]
	at org.apache.jorphan.collections.HashTree.traverseInto(HashTree.java:996) ~[jorphan.jar:3.3 r1808647]
	at org.apache.jorphan.collections.HashTree.traverse(HashTree.java:978) ~[jorphan.jar:3.3 r1808647]
	at org.apache.jmeter.threads.JMeterThread.threadStarted(JMeterThread.java:652) ~[ApacheJMeter_core.jar:3.3 r1808647]
	at org.apache.jmeter.threads.JMeterThread.initRun(JMeterThread.java:640) ~[ApacheJMeter_core.jar:3.3 r1808647]
	at org.apache.jmeter.threads.JMeterThread.run(JMeterThread.java:251) ~[ApacheJMeter_core.jar:3.3 r1808647]
	at java.lang.Thread.run(Thread.java:832) [?:?]
2021-02-18 14:55:37,859 INFO o.a.j.e.StandardJMeterEngine: Notifying test listeners of end of test
2021-02-18 14:55:37,859 INFO o.a.j.g.u.JMeterMenuBar: setRunning(false, *local*)
